<?xml version="1.0" encoding="UTF-8"?>
<!-- Generated by org.testng.reporters.JUnitReportReporter -->
<testsuite hostname="IND036" failures="0" tests="1" name="logging.demo" time="0.007" errors="0" timestamp="26 Aug 2019 07:54:01 GMT" skipped="0">
  <testcase classname="logging.demo" name="test" time="0.007"/>
</testsuite> <!-- logging.demo -->
