<?xml version="1.0" encoding="UTF-8"?>
<!-- Generated by org.testng.reporters.JUnitReportReporter -->
<testsuite hostname="IND036" failures="0" tests="6" name="rest.rest.practice" time="2.406" errors="0" timestamp="26 Aug 2019 12:30:27 GMT" skipped="1">
  <testcase classname="rest.rest.practice" name="createPlaceAPI" time="1.920"/>
  <testcase classname="rest.rest.practice" name="test003" time="0.131"/>
  <testcase classname="rest.rest.practice" name="test003" time="0.117"/>
  <testcase classname="rest.rest.practice" name="test004" time="0.138"/>
  <testcase classname="rest.rest.practice" name="test004" time="0.100"/>
  <testcase classname="rest.rest.practice" name="test">
    <skipped/>
  </testcase> <!-- test -->
</testsuite> <!-- rest.rest.practice -->
